<?xml version="1.0" encoding="UTF-8"?>
<!-- Generated by org.testng.reporters.JUnitReportReporter -->
<testsuite hostname="DESKTOP-ADRL53S" failures="0" tests="1" name="ui.Test_NGdemo" time="59.740" errors="0" timestamp="2023-02-20T18:19:30 IST" skipped="0">
  <testcase classname="ui.Test_NGdemo" name="verifyPageTitle" time="59.740"/>
  <system-out/>
</testsuite> <!-- ui.Test_NGdemo -->
